Using pre-set license
Built from '2020.3/staging' branch; Version is '2020.3.3f1 (76626098c1c4) revision 7758432'; Using compiler version '192528614'; Build Type 'Release'
OS: 'Windows 10 Home; OS build 19043.1110; Version 2009; 64bit' Language: 'en' Physical Memory: 32712 MB
BatchMode: 1, IsHumanControllingUs: 0, StartBugReporterOnCrash: 0, Is64bit: 1, IsPro: 0

 COMMAND LINE ARGUMENTS:
C:\Program Files\Unity\Hub\Editor\2020.3.3f1\Editor\Unity.exe
-adb2
-batchMode
-noUpm
-name
AssetImportWorker0
-projectPath
C:/Users/geord/OneDrive/Documents/Unity Projects/AileronStrike_2.0/Alieron_2.0
-logFile
Logs/AssetImportWorker0.log
-srvPort
55423
Successfully changed project path to: C:/Users/geord/OneDrive/Documents/Unity Projects/AileronStrike_2.0/Alieron_2.0
C:/Users/geord/OneDrive/Documents/Unity Projects/AileronStrike_2.0/Alieron_2.0
Using Asset Import Pipeline V2.
Refreshing native plugins compatible for Editor in 41.24 ms, found 0 plugins.
Preloading 0 native plugins for Editor in 0.00 ms.
Initialize engine version: 2020.3.3f1 (76626098c1c4)
[Subsystems] Discovering subsystems at path C:/Program Files/Unity/Hub/Editor/2020.3.3f1/Editor/Data/Resources/UnitySubsystems
[Subsystems] Discovering subsystems at path C:/Users/geord/OneDrive/Documents/Unity Projects/AileronStrike_2.0/Alieron_2.0/Assets
GfxDevice: creating device client; threaded=0
Direct3D:
    Version:  Direct3D 11.0 [level 11.1]
    Renderer: AMD Radeon RX 6700 XT (ID=0x73df)
    Vendor:   
    VRAM:     12243 MB
    Driver:   27.20.22021.1002
Initialize mono
Mono path[0] = 'C:/Program Files/Unity/Hub/Editor/2020.3.3f1/Editor/Data/Managed'
Mono path[1] = 'C:/Program Files/Unity/Hub/Editor/2020.3.3f1/Editor/Data/MonoBleedingEdge/lib/mono/unityjit'
Mono config path = 'C:/Program Files/Unity/Hub/Editor/2020.3.3f1/Editor/Data/MonoBleedingEdge/etc'
Using monoOptions --debugger-agent=transport=dt_socket,embedding=1,server=y,suspend=n,address=127.0.0.1:56756
Begin MonoManager ReloadAssembly
Registering precompiled unity dll's ...
Register platform support module: C:/Program Files/Unity/Hub/Editor/2020.3.3f1/Editor/Data/PlaybackEngines/MacStandaloneSupport/UnityEditor.OSXStandalone.Extensions.dll
Register platform support module: C:/Program Files/Unity/Hub/Editor/2020.3.3f1/Editor/Data/PlaybackEngines/WindowsStandaloneSupport/UnityEditor.WindowsStandalone.Extensions.dll
Register platform support module: C:/Program Files/Unity/Hub/Editor/2020.3.3f1/Editor/Data/PlaybackEngines/LinuxStandaloneSupport/UnityEditor.LinuxStandalone.Extensions.dll
Registered in 0.001952 seconds.
Native extension for LinuxStandalone target not found
Native extension for WindowsStandalone target not found
Native extension for OSXStandalone target not found
Refreshing native plugins compatible for Editor in 42.31 ms, found 0 plugins.
Preloading 0 native plugins for Editor in 0.00 ms.
Invoked RoslynAnalysisRunner static constructor.
RoslynAnalysisRunner will not be running.
RoslynAnalysisRunner has terminated.
Mono: successfully reloaded assembly
- Completed reload, in  1.465 seconds
Platform modules already initialized, skipping
Registering precompiled user dll's ...
Registered in 0.001016 seconds.
Begin MonoManager ReloadAssembly
Native extension for LinuxStandalone target not found
Native extension for WindowsStandalone target not found
Native extension for OSXStandalone target not found
Refreshing native plugins compatible for Editor in 42.22 ms, found 0 plugins.
Preloading 0 native plugins for Editor in 0.00 ms.
Invoked RoslynAnalysisRunner static constructor.
RoslynAnalysisRunner will not be running.
RoslynAnalysisRunner has terminated.
Mono: successfully reloaded assembly
- Completed reload, in  0.614 seconds
Platform modules already initialized, skipping
========================================================================
Worker process is ready to serve import requests
Shader 'Universal Render Pipeline/Particles/Lit': fallback shader 'Universal Render Pipeline/Particles/SimpleLit' not found
Shader 'Universal Render Pipeline/Particles/Lit': fallback shader 'Universal Render Pipeline/Particles/SimpleLit' not found
Launched and connected shader compiler UnityShaderCompiler.exe after 0.03 seconds
Refreshing native plugins compatible for Editor in 0.61 ms, found 0 plugins.
Preloading 0 native plugins for Editor in 0.00 ms.
Unloading 2713 Unused Serialized files (Serialized files now loaded: 0)
System memory in use before: 149.8 MB.
System memory in use after: 146.1 MB.

Unloading 57 unused Assets to reduce memory usage. Loaded Objects now: 3145.
Total: 2.749300 ms (FindLiveObjects: 0.212800 ms CreateObjectMapping: 0.079500 ms MarkObjects: 1.329500 ms  DeleteObjects: 1.126900 ms)

========================================================================
Received Import Request.
  path: Assets/Scenes/Level_02.unity
  artifactKey: Guid(cb538816f1e2a584e987db01323b6c5e) Importer(815301076,1909f56bfc062723c751e8b465ee728b)
Start importing Assets/Scenes/Level_02.unity using Guid(cb538816f1e2a584e987db01323b6c5e) Importer(815301076,1909f56bfc062723c751e8b465ee728b)  -> (artifact id: 'a12b6db1ea0a474852af9b3393952f34') in 0.015219 seconds
  Import took 0.020175 seconds .

========================================================================
Received Prepare
Registering precompiled user dll's ...
Registered in 0.001250 seconds.
Begin MonoManager ReloadAssembly
Native extension for LinuxStandalone target not found
Native extension for WindowsStandalone target not found
Native extension for OSXStandalone target not found
Refreshing native plugins compatible for Editor in 0.57 ms, found 0 plugins.
Preloading 0 native plugins for Editor in 0.00 ms.
Invoked RoslynAnalysisRunner static constructor.
RoslynAnalysisRunner will not be running.
RoslynAnalysisRunner has terminated.
Mono: successfully reloaded assembly
- Completed reload, in  0.566 seconds
Platform modules already initialized, skipping
Shader 'Universal Render Pipeline/Particles/Lit': fallback shader 'Universal Render Pipeline/Particles/SimpleLit' not found
Shader 'Universal Render Pipeline/Particles/Lit': fallback shader 'Universal Render Pipeline/Particles/SimpleLit' not found
Refreshing native plugins compatible for Editor in 0.57 ms, found 0 plugins.
Preloading 0 native plugins for Editor in 0.00 ms.
Unloading 2662 Unused Serialized files (Serialized files now loaded: 0)
System memory in use before: 145.2 MB.
System memory in use after: 141.6 MB.

Unloading 52 unused Assets to reduce memory usage. Loaded Objects now: 3148.
Total: 2.955200 ms (FindLiveObjects: 0.336000 ms CreateObjectMapping: 0.070900 ms MarkObjects: 1.328500 ms  DeleteObjects: 1.219100 ms)

========================================================================
Received Import Request.
  Time since last request: 300.168791 seconds.
  path: Assets/Scenes/Level_01_Boss.unity
  artifactKey: Guid(f1ee08ee82b9265438280f220d38e447) Importer(815301076,1909f56bfc062723c751e8b465ee728b)
Start importing Assets/Scenes/Level_01_Boss.unity using Guid(f1ee08ee82b9265438280f220d38e447) Importer(815301076,1909f56bfc062723c751e8b465ee728b)  -> (artifact id: '194e7a12baadfca193f1024b1420d9ee') in 0.012619 seconds
  Import took 0.016998 seconds .

========================================================================
Received Prepare
Registering precompiled user dll's ...
Registered in 0.001019 seconds.
Begin MonoManager ReloadAssembly
Native extension for LinuxStandalone target not found
Native extension for WindowsStandalone target not found
Native extension for OSXStandalone target not found
Refreshing native plugins compatible for Editor in 0.58 ms, found 0 plugins.
Preloading 0 native plugins for Editor in 0.00 ms.
Invoked RoslynAnalysisRunner static constructor.
RoslynAnalysisRunner will not be running.
RoslynAnalysisRunner has terminated.
Mono: successfully reloaded assembly
- Completed reload, in  0.555 seconds
Platform modules already initialized, skipping
Shader 'Universal Render Pipeline/Particles/Lit': fallback shader 'Universal Render Pipeline/Particles/SimpleLit' not found
Shader 'Universal Render Pipeline/Particles/Lit': fallback shader 'Universal Render Pipeline/Particles/SimpleLit' not found
Refreshing native plugins compatible for Editor in 0.70 ms, found 0 plugins.
Preloading 0 native plugins for Editor in 0.00 ms.
Unloading 2662 Unused Serialized files (Serialized files now loaded: 0)
System memory in use before: 145.4 MB.
System memory in use after: 141.8 MB.

Unloading 52 unused Assets to reduce memory usage. Loaded Objects now: 3151.
Total: 3.297900 ms (FindLiveObjects: 0.261900 ms CreateObjectMapping: 0.120200 ms MarkObjects: 1.598300 ms  DeleteObjects: 1.316800 ms)

========================================================================
Received Prepare
Registering precompiled user dll's ...
Registered in 0.001260 seconds.
Begin MonoManager ReloadAssembly
Native extension for LinuxStandalone target not found
Native extension for WindowsStandalone target not found
Native extension for OSXStandalone target not found
Refreshing native plugins compatible for Editor in 0.56 ms, found 0 plugins.
Preloading 0 native plugins for Editor in 0.00 ms.
Invoked RoslynAnalysisRunner static constructor.
RoslynAnalysisRunner will not be running.
RoslynAnalysisRunner has terminated.
Mono: successfully reloaded assembly
- Completed reload, in  0.564 seconds
Platform modules already initialized, skipping
Shader 'Universal Render Pipeline/Particles/Lit': fallback shader 'Universal Render Pipeline/Particles/SimpleLit' not found
Shader 'Universal Render Pipeline/Particles/Lit': fallback shader 'Universal Render Pipeline/Particles/SimpleLit' not found
Refreshing native plugins compatible for Editor in 0.59 ms, found 0 plugins.
Preloading 0 native plugins for Editor in 0.00 ms.
Unloading 2662 Unused Serialized files (Serialized files now loaded: 0)
System memory in use before: 145.4 MB.
System memory in use after: 141.8 MB.

Unloading 52 unused Assets to reduce memory usage. Loaded Objects now: 3154.
Total: 3.297900 ms (FindLiveObjects: 0.222600 ms CreateObjectMapping: 0.070000 ms MarkObjects: 1.660100 ms  DeleteObjects: 1.344500 ms)

========================================================================
Received Prepare
Registering precompiled user dll's ...
Registered in 0.001528 seconds.
Begin MonoManager ReloadAssembly
Native extension for LinuxStandalone target not found
Native extension for WindowsStandalone target not found
Native extension for OSXStandalone target not found
Refreshing native plugins compatible for Editor in 0.57 ms, found 0 plugins.
Preloading 0 native plugins for Editor in 0.00 ms.
Invoked RoslynAnalysisRunner static constructor.
RoslynAnalysisRunner will not be running.
RoslynAnalysisRunner has terminated.
Mono: successfully reloaded assembly
- Completed reload, in  0.581 seconds
Platform modules already initialized, skipping
Shader 'Universal Render Pipeline/Particles/Lit': fallback shader 'Universal Render Pipeline/Particles/SimpleLit' not found
Shader 'Universal Render Pipeline/Particles/Lit': fallback shader 'Universal Render Pipeline/Particles/SimpleLit' not found
Refreshing native plugins compatible for Editor in 0.57 ms, found 0 plugins.
Preloading 0 native plugins for Editor in 0.00 ms.
Unloading 2662 Unused Serialized files (Serialized files now loaded: 0)
System memory in use before: 145.4 MB.
System memory in use after: 141.8 MB.

Unloading 52 unused Assets to reduce memory usage. Loaded Objects now: 3157.
Total: 3.156900 ms (FindLiveObjects: 0.235700 ms CreateObjectMapping: 0.107100 ms MarkObjects: 1.511200 ms  DeleteObjects: 1.302100 ms)

========================================================================
Received Prepare
Registering precompiled user dll's ...
Registered in 0.001084 seconds.
Begin MonoManager ReloadAssembly
Native extension for LinuxStandalone target not found
Native extension for WindowsStandalone target not found
Native extension for OSXStandalone target not found
Refreshing native plugins compatible for Editor in 0.56 ms, found 0 plugins.
Preloading 0 native plugins for Editor in 0.00 ms.
Invoked RoslynAnalysisRunner static constructor.
RoslynAnalysisRunner will not be running.
RoslynAnalysisRunner has terminated.
Mono: successfully reloaded assembly
- Completed reload, in  0.549 seconds
Platform modules already initialized, skipping
Shader 'Universal Render Pipeline/Particles/Lit': fallback shader 'Universal Render Pipeline/Particles/SimpleLit' not found
Shader 'Universal Render Pipeline/Particles/Lit': fallback shader 'Universal Render Pipeline/Particles/SimpleLit' not found
Refreshing native plugins compatible for Editor in 0.58 ms, found 0 plugins.
Preloading 0 native plugins for Editor in 0.00 ms.
Unloading 2662 Unused Serialized files (Serialized files now loaded: 0)
System memory in use before: 145.4 MB.
System memory in use after: 141.8 MB.

Unloading 52 unused Assets to reduce memory usage. Loaded Objects now: 3160.
Total: 3.172200 ms (FindLiveObjects: 0.274000 ms CreateObjectMapping: 0.118700 ms MarkObjects: 1.457000 ms  DeleteObjects: 1.321800 ms)

========================================================================
Received Prepare
Registering precompiled user dll's ...
Registered in 0.001246 seconds.
Begin MonoManager ReloadAssembly
Native extension for LinuxStandalone target not found
Native extension for WindowsStandalone target not found
Native extension for OSXStandalone target not found
Refreshing native plugins compatible for Editor in 0.57 ms, found 0 plugins.
Preloading 0 native plugins for Editor in 0.00 ms.
Invoked RoslynAnalysisRunner static constructor.
RoslynAnalysisRunner will not be running.
RoslynAnalysisRunner has terminated.
Mono: successfully reloaded assembly
- Completed reload, in  0.607 seconds
Platform modules already initialized, skipping
Shader 'Universal Render Pipeline/Particles/Lit': fallback shader 'Universal Render Pipeline/Particles/SimpleLit' not found
Shader 'Universal Render Pipeline/Particles/Lit': fallback shader 'Universal Render Pipeline/Particles/SimpleLit' not found
Refreshing native plugins compatible for Editor in 0.73 ms, found 0 plugins.
Preloading 0 native plugins for Editor in 0.00 ms.
Unloading 2664 Unused Serialized files (Serialized files now loaded: 0)
System memory in use before: 145.5 MB.
System memory in use after: 141.9 MB.

Unloading 52 unused Assets to reduce memory usage. Loaded Objects now: 3165.
Total: 3.269300 ms (FindLiveObjects: 0.315100 ms CreateObjectMapping: 0.120100 ms MarkObjects: 1.483700 ms  DeleteObjects: 1.349500 ms)

========================================================================
Received Import Request.
  Time since last request: 2783.241795 seconds.
  path: Assets/LightningBolt/Readme.txt
  artifactKey: Guid(12f6581329d3f194c87ae4c6902b463a) Importer(815301076,1909f56bfc062723c751e8b465ee728b)
Start importing Assets/LightningBolt/Readme.txt using Guid(12f6581329d3f194c87ae4c6902b463a) Importer(815301076,1909f56bfc062723c751e8b465ee728b)  -> (artifact id: '4820acffdc76bea8935f2f8c1b29fee3') in 0.024254 seconds
  Import took 0.029402 seconds .

========================================================================
Received Import Request.
  Time since last request: 10.304436 seconds.
  path: Assets/LightningBolt/LightningBoltScript.cs
  artifactKey: Guid(cfb4d413de9f1d541915329635c9f2bc) Importer(815301076,1909f56bfc062723c751e8b465ee728b)
Start importing Assets/LightningBolt/LightningBoltScript.cs using Guid(cfb4d413de9f1d541915329635c9f2bc) Importer(815301076,1909f56bfc062723c751e8b465ee728b)  -> (artifact id: '4f7c56c2cbedbb8202922394fc84dd2f') in 0.008565 seconds
  Import took 0.013626 seconds .

========================================================================
Received Import Request.
  Time since last request: 2.183881 seconds.
  path: Assets/LightningBolt/SimpleLightningBoltAnimatedPrefab.prefab
  artifactKey: Guid(a84cb58ef7faa67488076810242453b9) Importer(815301076,1909f56bfc062723c751e8b465ee728b)
Start importing Assets/LightningBolt/SimpleLightningBoltAnimatedPrefab.prefab using Guid(a84cb58ef7faa67488076810242453b9) Importer(815301076,1909f56bfc062723c751e8b465ee728b)  -> (artifact id: 'a0aab202a04f3a6f4cfcc548abbd7bbb') in 0.016030 seconds
  Import took 0.020983 seconds .

========================================================================
Received Import Request.
  Time since last request: 1.027991 seconds.
  path: Assets/LightningBolt/SimpleLightningBoltPrefab.prefab
  artifactKey: Guid(15dec7b07032b2f4aa6f855bfbe120f7) Importer(815301076,1909f56bfc062723c751e8b465ee728b)
Start importing Assets/LightningBolt/SimpleLightningBoltPrefab.prefab using Guid(15dec7b07032b2f4aa6f855bfbe120f7) Importer(815301076,1909f56bfc062723c751e8b465ee728b)  -> (artifact id: '2fbca6c4bb02d8b4e8bf2a589f9ef3f9') in 0.005998 seconds
  Import took 0.010786 seconds .

========================================================================
Received Import Request.
  Time since last request: 0.003214 seconds.
  path: Assets/LightningBolt/SimpleLightningBoltPrefab.prefab
  artifactKey: Guid(15dec7b07032b2f4aa6f855bfbe120f7) Importer(815301076,1909f56bfc062723c751e8b465ee728b)
Start importing Assets/LightningBolt/SimpleLightningBoltPrefab.prefab using Guid(15dec7b07032b2f4aa6f855bfbe120f7) Importer(815301076,1909f56bfc062723c751e8b465ee728b)  -> (artifact id: '2fbca6c4bb02d8b4e8bf2a589f9ef3f9') in 0.002511 seconds
  Import took 0.006451 seconds .

========================================================================
Received Prepare
Registering precompiled user dll's ...
Registered in 0.001148 seconds.
Begin MonoManager ReloadAssembly
Native extension for LinuxStandalone target not found
Native extension for WindowsStandalone target not found
Native extension for OSXStandalone target not found
Refreshing native plugins compatible for Editor in 0.95 ms, found 0 plugins.
Preloading 0 native plugins for Editor in 0.00 ms.
Invoked RoslynAnalysisRunner static constructor.
RoslynAnalysisRunner will not be running.
RoslynAnalysisRunner has terminated.
Mono: successfully reloaded assembly
- Completed reload, in  0.663 seconds
Platform modules already initialized, skipping
Shader 'Universal Render Pipeline/Particles/Lit': fallback shader 'Universal Render Pipeline/Particles/SimpleLit' not found
Shader 'Universal Render Pipeline/Particles/Lit': fallback shader 'Universal Render Pipeline/Particles/SimpleLit' not found
Refreshing native plugins compatible for Editor in 0.60 ms, found 0 plugins.
Preloading 0 native plugins for Editor in 0.00 ms.
Unloading 2662 Unused Serialized files (Serialized files now loaded: 0)
System memory in use before: 145.5 MB.
System memory in use after: 141.9 MB.

Unloading 53 unused Assets to reduce memory usage. Loaded Objects now: 3167.
Total: 3.474700 ms (FindLiveObjects: 0.390000 ms CreateObjectMapping: 0.076500 ms MarkObjects: 1.613900 ms  DeleteObjects: 1.393500 ms)

========================================================================
Received Prepare
Registering precompiled user dll's ...
Registered in 0.001279 seconds.
Begin MonoManager ReloadAssembly
Native extension for LinuxStandalone target not found
Native extension for WindowsStandalone target not found
Native extension for OSXStandalone target not found
Refreshing native plugins compatible for Editor in 0.57 ms, found 0 plugins.
Preloading 0 native plugins for Editor in 0.00 ms.
Invoked RoslynAnalysisRunner static constructor.
RoslynAnalysisRunner will not be running.
RoslynAnalysisRunner has terminated.
Mono: successfully reloaded assembly
- Completed reload, in  0.557 seconds
Platform modules already initialized, skipping
Shader 'Universal Render Pipeline/Particles/Lit': fallback shader 'Universal Render Pipeline/Particles/SimpleLit' not found
Shader 'Universal Render Pipeline/Particles/Lit': fallback shader 'Universal Render Pipeline/Particles/SimpleLit' not found
Refreshing native plugins compatible for Editor in 0.57 ms, found 0 plugins.
Preloading 0 native plugins for Editor in 0.00 ms.
Unloading 2662 Unused Serialized files (Serialized files now loaded: 0)
System memory in use before: 145.4 MB.
System memory in use after: 141.9 MB.

Unloading 52 unused Assets to reduce memory usage. Loaded Objects now: 3170.
Total: 3.205600 ms (FindLiveObjects: 0.249400 ms CreateObjectMapping: 0.109300 ms MarkObjects: 1.489500 ms  DeleteObjects: 1.356800 ms)

========================================================================
Received Prepare
Registering precompiled user dll's ...
Registered in 0.001080 seconds.
Begin MonoManager ReloadAssembly
Native extension for LinuxStandalone target not found
Native extension for WindowsStandalone target not found
Native extension for OSXStandalone target not found
Refreshing native plugins compatible for Editor in 0.56 ms, found 0 plugins.
Preloading 0 native plugins for Editor in 0.00 ms.
Invoked RoslynAnalysisRunner static constructor.
RoslynAnalysisRunner will not be running.
RoslynAnalysisRunner has terminated.
Mono: successfully reloaded assembly
- Completed reload, in  0.544 seconds
Platform modules already initialized, skipping
Shader 'Universal Render Pipeline/Particles/Lit': fallback shader 'Universal Render Pipeline/Particles/SimpleLit' not found
Shader 'Universal Render Pipeline/Particles/Lit': fallback shader 'Universal Render Pipeline/Particles/SimpleLit' not found
Refreshing native plugins compatible for Editor in 0.57 ms, found 0 plugins.
Preloading 0 native plugins for Editor in 0.00 ms.
Unloading 2662 Unused Serialized files (Serialized files now loaded: 0)
System memory in use before: 145.4 MB.
System memory in use after: 141.9 MB.

Unloading 52 unused Assets to reduce memory usage. Loaded Objects now: 3173.
Total: 3.076800 ms (FindLiveObjects: 0.226000 ms CreateObjectMapping: 0.062600 ms MarkObjects: 1.371700 ms  DeleteObjects: 1.415600 ms)

========================================================================
Received Prepare
Registering precompiled user dll's ...
Registered in 0.001068 seconds.
Begin MonoManager ReloadAssembly
Native extension for LinuxStandalone target not found
Native extension for WindowsStandalone target not found
Native extension for OSXStandalone target not found
Refreshing native plugins compatible for Editor in 0.56 ms, found 0 plugins.
Preloading 0 native plugins for Editor in 0.00 ms.
Invoked RoslynAnalysisRunner static constructor.
RoslynAnalysisRunner will not be running.
RoslynAnalysisRunner has terminated.
Mono: successfully reloaded assembly
- Completed reload, in  0.550 seconds
Platform modules already initialized, skipping
Shader 'Universal Render Pipeline/Particles/Lit': fallback shader 'Universal Render Pipeline/Particles/SimpleLit' not found
Shader 'Universal Render Pipeline/Particles/Lit': fallback shader 'Universal Render Pipeline/Particles/SimpleLit' not found
Refreshing native plugins compatible for Editor in 0.56 ms, found 0 plugins.
Preloading 0 native plugins for Editor in 0.00 ms.
Unloading 2662 Unused Serialized files (Serialized files now loaded: 0)
System memory in use before: 145.4 MB.
System memory in use after: 141.9 MB.

Unloading 52 unused Assets to reduce memory usage. Loaded Objects now: 3176.
Total: 2.917200 ms (FindLiveObjects: 0.187700 ms CreateObjectMapping: 0.061500 ms MarkObjects: 1.346900 ms  DeleteObjects: 1.320400 ms)

========================================================================
Received Import Request.
  Time since last request: 5957.296175 seconds.
  path: Assets/Scripts/MechCam.cs
  artifactKey: Guid(f116b771454666c40b1cf16986c6a9ce) Importer(815301076,1909f56bfc062723c751e8b465ee728b)
Start importing Assets/Scripts/MechCam.cs using Guid(f116b771454666c40b1cf16986c6a9ce) Importer(815301076,1909f56bfc062723c751e8b465ee728b)  -> (artifact id: '31ae36bb2ac1fd820f7fea4a21dc35e5') in 0.008116 seconds
  Import took 0.013065 seconds .

========================================================================
Received Import Request.
  Time since last request: 0.001426 seconds.
  path: Assets/Scripts/MechCam.cs
  artifactKey: Guid(f116b771454666c40b1cf16986c6a9ce) Importer(815301076,1909f56bfc062723c751e8b465ee728b)
Start importing Assets/Scripts/MechCam.cs using Guid(f116b771454666c40b1cf16986c6a9ce) Importer(815301076,1909f56bfc062723c751e8b465ee728b)  -> (artifact id: '31ae36bb2ac1fd820f7fea4a21dc35e5') in 0.001704 seconds
  Import took 0.007000 seconds .

========================================================================
Received Prepare
Registering precompiled user dll's ...
Registered in 0.001737 seconds.
Begin MonoManager ReloadAssembly
Native extension for LinuxStandalone target not found
Native extension for WindowsStandalone target not found
Native extension for OSXStandalone target not found
Refreshing native plugins compatible for Editor in 0.57 ms, found 0 plugins.
Preloading 0 native plugins for Editor in 0.00 ms.
Invoked RoslynAnalysisRunner static constructor.
RoslynAnalysisRunner will not be running.
RoslynAnalysisRunner has terminated.
Mono: successfully reloaded assembly
- Completed reload, in  0.545 seconds
Platform modules already initialized, skipping
Shader 'Universal Render Pipeline/Particles/Lit': fallback shader 'Universal Render Pipeline/Particles/SimpleLit' not found
Shader 'Universal Render Pipeline/Particles/Lit': fallback shader 'Universal Render Pipeline/Particles/SimpleLit' not found
Refreshing native plugins compatible for Editor in 0.56 ms, found 0 plugins.
Preloading 0 native plugins for Editor in 0.00 ms.
Unloading 2663 Unused Serialized files (Serialized files now loaded: 0)
System memory in use before: 145.5 MB.
System memory in use after: 141.9 MB.

Unloading 52 unused Assets to reduce memory usage. Loaded Objects now: 3180.
Total: 2.978700 ms (FindLiveObjects: 0.220600 ms CreateObjectMapping: 0.061100 ms MarkObjects: 1.339800 ms  DeleteObjects: 1.356600 ms)

========================================================================
Received Prepare
Registering precompiled user dll's ...
Registered in 0.001221 seconds.
Begin MonoManager ReloadAssembly
Native extension for LinuxStandalone target not found
Native extension for WindowsStandalone target not found
Native extension for OSXStandalone target not found
Refreshing native plugins compatible for Editor in 0.56 ms, found 0 plugins.
Preloading 0 native plugins for Editor in 0.00 ms.
Invoked RoslynAnalysisRunner static constructor.
RoslynAnalysisRunner will not be running.
RoslynAnalysisRunner has terminated.
Mono: successfully reloaded assembly
- Completed reload, in  0.542 seconds
Platform modules already initialized, skipping
Shader 'Universal Render Pipeline/Particles/Lit': fallback shader 'Universal Render Pipeline/Particles/SimpleLit' not found
Shader 'Universal Render Pipeline/Particles/Lit': fallback shader 'Universal Render Pipeline/Particles/SimpleLit' not found
Refreshing native plugins compatible for Editor in 0.57 ms, found 0 plugins.
Preloading 0 native plugins for Editor in 0.00 ms.
Unloading 2663 Unused Serialized files (Serialized files now loaded: 0)
System memory in use before: 145.5 MB.
System memory in use after: 141.9 MB.

Unloading 52 unused Assets to reduce memory usage. Loaded Objects now: 3183.
Total: 3.296300 ms (FindLiveObjects: 0.300600 ms CreateObjectMapping: 0.107100 ms MarkObjects: 1.533800 ms  DeleteObjects: 1.354000 ms)

========================================================================
Received Prepare
Registering precompiled user dll's ...
Registered in 0.001215 seconds.
Begin MonoManager ReloadAssembly
Native extension for LinuxStandalone target not found
Native extension for WindowsStandalone target not found
Native extension for OSXStandalone target not found
Refreshing native plugins compatible for Editor in 0.57 ms, found 0 plugins.
Preloading 0 native plugins for Editor in 0.00 ms.
Invoked RoslynAnalysisRunner static constructor.
RoslynAnalysisRunner will not be running.
RoslynAnalysisRunner has terminated.
Mono: successfully reloaded assembly
- Completed reload, in  0.557 seconds
Platform modules already initialized, skipping
Shader 'Universal Render Pipeline/Particles/Lit': fallback shader 'Universal Render Pipeline/Particles/SimpleLit' not found
Shader 'Universal Render Pipeline/Particles/Lit': fallback shader 'Universal Render Pipeline/Particles/SimpleLit' not found
Refreshing native plugins compatible for Editor in 0.59 ms, found 0 plugins.
Preloading 0 native plugins for Editor in 0.00 ms.
Unloading 2663 Unused Serialized files (Serialized files now loaded: 0)
System memory in use before: 145.5 MB.
System memory in use after: 141.9 MB.

Unloading 52 unused Assets to reduce memory usage. Loaded Objects now: 3186.
Total: 3.084900 ms (FindLiveObjects: 0.296900 ms CreateObjectMapping: 0.072400 ms MarkObjects: 1.368600 ms  DeleteObjects: 1.345900 ms)

========================================================================
Received Prepare
Registering precompiled user dll's ...
Registered in 0.001080 seconds.
Begin MonoManager ReloadAssembly
Native extension for LinuxStandalone target not found
Native extension for WindowsStandalone target not found
Native extension for OSXStandalone target not found
Refreshing native plugins compatible for Editor in 0.55 ms, found 0 plugins.
Preloading 0 native plugins for Editor in 0.00 ms.
Invoked RoslynAnalysisRunner static constructor.
RoslynAnalysisRunner will not be running.
RoslynAnalysisRunner has terminated.
Mono: successfully reloaded assembly
- Completed reload, in  0.537 seconds
Platform modules already initialized, skipping
Shader 'Universal Render Pipeline/Particles/Lit': fallback shader 'Universal Render Pipeline/Particles/SimpleLit' not found
Shader 'Universal Render Pipeline/Particles/Lit': fallback shader 'Universal Render Pipeline/Particles/SimpleLit' not found
Refreshing native plugins compatible for Editor in 0.56 ms, found 0 plugins.
Preloading 0 native plugins for Editor in 0.00 ms.
Unloading 2663 Unused Serialized files (Serialized files now loaded: 0)
System memory in use before: 145.5 MB.
System memory in use after: 141.9 MB.

Unloading 52 unused Assets to reduce memory usage. Loaded Objects now: 3189.
Total: 3.428900 ms (FindLiveObjects: 0.239400 ms CreateObjectMapping: 0.111500 ms MarkObjects: 1.560800 ms  DeleteObjects: 1.516300 ms)

